Flutter crash report; please file at https://github.com/flutter/flutter/issues.

## command

flutter packages get

## exception

YamlException: Error on line 24, column 18: Expected ':'.
   ╷
24 │   cloud_firestore: ^0.11.0
   │                  ^
   ╵

```
#0      Scanner._staleSimpleKeys (package:yaml/src/scanner.dart:491:9)
#1      Scanner._fetchMoreTokens (package:yaml/src/scanner.dart:325:9)
#2      Scanner.peek (package:yaml/src/scanner.dart:317:27)
#3      Parser._parseBlockMappingKey (package:yaml/src/parser.dart:418:26)
#4      Parser._stateMachine (package:yaml/src/parser.dart:86:16)
#5      Parser.parse (package:yaml/src/parser.dart:47:19)
#6      Loader._loadMapping (package:yaml/src/loader.dart:171:23)
#7      Loader._loadNode (package:yaml/src/loader.dart:86:16)
#8      Loader._loadMapping (package:yaml/src/loader.dart:165:19)
#9      Loader._loadNode (package:yaml/src/loader.dart:86:16)
#10     Loader._loadMapping (package:yaml/src/loader.dart:165:19)
#11     Loader._loadNode (package:yaml/src/loader.dart:86:16)
#12     Loader._loadDocument (package:yaml/src/loader.dart:62:20)
#13     Loader.load (package:yaml/src/loader.dart:54:20)
#14     loadYamlDocument (package:yaml/yaml.dart:51:25)
#15     loadYamlNode (package:yaml/yaml.dart:42:5)
#16     loadYaml (package:yaml/yaml.dart:34:5)
#17     FlutterManifest.createFromString (package:flutter_tools/src/flutter_manifest.dart:40:28)
<asynchronous suspension>
#18     FlutterManifest.createFromPath (package:flutter_tools/src/flutter_manifest.dart:34:12)
<asynchronous suspension>
#19     FlutterProject._readManifest (package:flutter_tools/src/project.dart:144:60)
<asynchronous suspension>
#20     FlutterProject.fromDirectory (package:flutter_tools/src/project.dart:47:51)
<asynchronous suspension>
#21     FlutterProject.fromPath (package:flutter_tools/src/project.dart:59:58)
#22     PackagesGetCommand.runCommand (package:flutter_tools/src/commands/packages.dart:83:61)
<asynchronous suspension>
#23     FlutterCommand.verifyThenRunCommand (package:flutter_tools/src/runner/flutter_command.dart:553:18)
#24     _asyncThenWrapperHelper.<anonymous closure> (dart:async-patch/async_patch.dart:77:64)
#25     _rootRunUnary (dart:async/zone.dart:1132:38)
#26     _CustomZone.runUnary (dart:async/zone.dart:1029:19)
#27     _FutureListener.handleValue (dart:async/future_impl.dart:126:18)
#28     Future._propagateToListeners.handleValueCallback (dart:async/future_impl.dart:639:45)
#29     Future._propagateToListeners (dart:async/future_impl.dart:668:32)
#30     Future._complete (dart:async/future_impl.dart:473:7)
#31     _SyncCompleter.complete (dart:async/future_impl.dart:51:12)
#32     _AsyncAwaitCompleter.complete.<anonymous closure> (dart:async-patch/async_patch.dart:33:20)
#33     _rootRun (dart:async/zone.dart:1124:13)
#34     _CustomZone.run (dart:async/zone.dart:1021:19)
#35     _CustomZone.bindCallback.<anonymous closure> (dart:async/zone.dart:947:23)
#36     _microtaskLoop (dart:async/schedule_microtask.dart:41:21)
#37     _startMicrotaskLoop (dart:async/schedule_microtask.dart:50:5)
#38     _runPendingImmediateCallback (dart:isolate-patch/isolate_patch.dart:115:13)
#39     _RawReceivePortImpl._handleMessage (dart:isolate-patch/isolate_patch.dart:172:5)
```

## flutter doctor

```
[✓] Flutter (Channel master, v1.4.12-pre.26, on Linux, locale de_AT.UTF-8)
    • Flutter version 1.4.12-pre.26 at /home/adrian/development/flutter
    • Framework revision 0b8403b61c (vor 4 Wochen), 2019-04-07 21:29:32 -0700
    • Engine revision ff1bcdc009
    • Dart version 2.2.1 (build 2.2.1-dev.3.0 None)

[✓] Android toolchain - develop for Android devices (Android SDK version 28.0.3)
    • Android SDK at /home/adrian/Android/Sdk
    • Android NDK location not configured (optional; useful for native profiling support)
    • Platform android-28, build-tools 28.0.3
    • Java binary at: /snap/android-studio/75/android-studio/jre/bin/java
    • Java version OpenJDK Runtime Environment (build 1.8.0_152-release-1343-b16-5323222)
    • All Android licenses accepted.

[!] Android Studio (version 3.3)
    • Android Studio at /snap/android-studio/73/android-studio
    ✗ Flutter plugin not installed; this adds Flutter specific functionality.
    ✗ Dart plugin not installed; this adds Dart specific functionality.
    • Java version OpenJDK Runtime Environment (build 1.8.0_152-release-1248-b01)

[!] Android Studio (version 3.4)
    • Android Studio at /snap/android-studio/75/android-studio
    ✗ Flutter plugin not installed; this adds Flutter specific functionality.
    ✗ Dart plugin not installed; this adds Dart specific functionality.
    • Java version OpenJDK Runtime Environment (build 1.8.0_152-release-1343-b16-5323222)

[✓] VS Code (version 1.33.1)
    • VS Code at /usr/share/code
    • Flutter extension version 2.26.1

[!] Connected device
    ! No devices available

! Doctor found issues in 3 categories.
```
